<?xml version="1.0" encoding="UTF-8"?>
<!-- Generated by org.testng.reporters.JUnitXMLReporter -->
<testsuite ignored="1" hostname="Kys-MacBook-Air" failures="1" tests="2" name="Run on Chrome" time="0.781" errors="0" timestamp="04 Jun 2022 16:24:02 GMT">
  <testcase classname="com.nopCommerce.common.Common_01_Register_to_system" name="@BeforeTest BeforeClass" time="0.629">
    <failure type="java.lang.NullPointerException">
      <![CDATA[java.lang.NullPointerException
at com.nopCommerce.common.Common_01_Register_to_system.BeforeClass(Common_01_Register_to_system.java:48)
... Removed 24 stack frames]]>
    </failure>
  </testcase> <!-- @BeforeTest BeforeClass -->
  <testcase classname="com.nopCommerce.user.Module_07_Order" name="@BeforeClass BeforeClass" time="0.0">
    <skipped/>
  </testcase> <!-- @BeforeClass BeforeClass -->
  <testcase classname="com.nopCommerce.user.Module_07_Order" name="TC_01_Add_To_Wishlist" time="0.0">
    <skipped/>
  </testcase> <!-- TC_01_Add_To_Wishlist -->
  <testcase classname="com.nopCommerce.user.Module_07_Order" name="TC_01_Add_To_Wishlist" time="0.023">
    <failure type="java.lang.NullPointerException">
      <![CDATA[java.lang.NullPointerException
at reportConfig.ExtentTestListener.onTestSkipped(ExtentTestListener.java:53)
... Removed 23 stack frames]]>
    </failure>
  </testcase> <!-- TC_01_Add_To_Wishlist -->
  <testcase classname="commons.BaseTest" name="@BeforeTest deleteAllFilesInReportNGScreenshot" time="0.0">
    <ignored/>
  </testcase> <!-- @BeforeTest deleteAllFilesInReportNGScreenshot -->
</testsuite> <!-- Run on Chrome -->
